0 info it worked if it ends with ok
1 verbose cli [ '/usr/bin/nodejs',
1 verbose cli   '/usr/bin/npm',
1 verbose cli   'install',
1 verbose cli   'heroku,heroku-cli' ]
2 info using npm@3.5.2
3 info using node@v4.7.2
4 verbose config Skipping project config: /home/iamukasa/.npmrc. (matches userconfig)
5 silly loadCurrentTree Starting
6 silly install loadCurrentTree
7 silly install readLocalPackageData
8 silly fetchPackageMetaData heroku,heroku-cli
9 silly fetchOtherPackageData heroku,heroku-cli
10 silly cache add args [ 'heroku,heroku-cli', null ]
11 verbose cache add spec heroku,heroku-cli
12 silly cache add parsed spec Result {
12 silly cache add   raw: 'heroku,heroku-cli',
12 silly cache add   scope: null,
12 silly cache add   name: null,
12 silly cache add   rawSpec: 'heroku,heroku-cli',
12 silly cache add   spec: '/home/iamukasa/PycharmProjects/LtsmManual/heroku,heroku-cli',
12 silly cache add   type: 'local' }
13 error addLocal Could not install /home/iamukasa/PycharmProjects/LtsmManual/heroku,heroku-cli
14 silly fetchPackageMetaData Error: ENOENT: no such file or directory, open '/home/iamukasa/PycharmProjects/LtsmManual/heroku,heroku-cli'
14 silly fetchPackageMetaData     at Error (native)
14 silly fetchPackageMetaData  error for heroku,heroku-cli { [Error: ENOENT: no such file or directory, open '/home/iamukasa/PycharmProjects/LtsmManual/heroku,heroku-cli']
14 silly fetchPackageMetaData   errno: -2,
14 silly fetchPackageMetaData   code: 'ENOENT',
14 silly fetchPackageMetaData   syscall: 'open',
14 silly fetchPackageMetaData   path: '/home/iamukasa/PycharmProjects/LtsmManual/heroku,heroku-cli' }
15 silly rollbackFailedOptional Starting
16 silly rollbackFailedOptional Finishing
17 silly runTopLevelLifecycles Starting
18 silly runTopLevelLifecycles Finishing
19 silly install printInstalled
20 verbose stack Error: ENOENT: no such file or directory, open '/home/iamukasa/PycharmProjects/LtsmManual/heroku,heroku-cli'
20 verbose stack     at Error (native)
21 verbose cwd /home/iamukasa/PycharmProjects/LtsmManual
22 error Linux 4.10.0-35-generic
23 error argv "/usr/bin/nodejs" "/usr/bin/npm" "install" "heroku,heroku-cli"
24 error node v4.7.2
25 error npm  v3.5.2
26 error path /home/iamukasa/PycharmProjects/LtsmManual/heroku,heroku-cli
27 error code ENOENT
28 error errno -2
29 error syscall open
30 error enoent ENOENT: no such file or directory, open '/home/iamukasa/PycharmProjects/LtsmManual/heroku,heroku-cli'
31 error enoent ENOENT: no such file or directory, open '/home/iamukasa/PycharmProjects/LtsmManual/heroku,heroku-cli'
31 error enoent This is most likely not a problem with npm itself
31 error enoent and is related to npm not being able to find a file.
32 verbose exit [ -2, true ]
